  HolaOpenGL.cpp
c:\users\jalr_\downloads\gl\include\utilidades.h(29): warning C4305: 'inicializando': truncamiento de 'double' a 'const GLfloat'
c:\users\jalr_\downloads\gl\include\utilidades.h(30): warning C4305: 'inicializando': truncamiento de 'double' a 'const GLfloat'
c:\users\jalr_\downloads\gl\include\utilidades.h(35): warning C4305: 'inicializando': truncamiento de 'double' a 'const GLfloat'
c:\users\jalr_\downloads\gl\include\utilidades.h(36): warning C4305: 'inicializando': truncamiento de 'double' a 'const GLfloat'
c:\users\jalr_\downloads\gl\include\utilidades.h(38): warning C4305: 'inicializando': truncamiento de 'double' a 'const GLfloat'
c:\users\jalr_\downloads\gl\include\utilidades.h(252): warning C4305: 'argumento': truncamiento de 'double' a 'GLfloat'
c:\users\jalr_\desktop\cosas de juan\sgi\practica camara\practica0\practica0\holaopengl.cpp(34): warning C4244: 'argumento': conversión de 'double' a 'GLfloat'; posible pérdida de datos
c:\users\jalr_\desktop\cosas de juan\sgi\practica camara\practica0\practica0\holaopengl.cpp(33): warning C4244: 'argumento': conversión de 'double' a 'GLfloat'; posible pérdida de datos
c:\users\jalr_\desktop\cosas de juan\sgi\practica camara\practica0\practica0\holaopengl.cpp(38): warning C4244: 'argumento': conversión de 'double' a 'GLfloat'; posible pérdida de datos
c:\users\jalr_\desktop\cosas de juan\sgi\practica camara\practica0\practica0\holaopengl.cpp(37): warning C4244: 'argumento': conversión de 'double' a 'GLfloat'; posible pérdida de datos
c:\users\jalr_\desktop\cosas de juan\sgi\practica camara\practica0\practica0\holaopengl.cpp(52): warning C4244: 'argumento': conversión de 'double' a 'GLfloat'; posible pérdida de datos
c:\users\jalr_\desktop\cosas de juan\sgi\practica camara\practica0\practica0\holaopengl.cpp(51): warning C4244: 'argumento': conversión de 'double' a 'GLfloat'; posible pérdida de datos
c:\users\jalr_\desktop\cosas de juan\sgi\practica camara\practica0\practica0\holaopengl.cpp(56): warning C4244: 'argumento': conversión de 'double' a 'GLfloat'; posible pérdida de datos
c:\users\jalr_\desktop\cosas de juan\sgi\practica camara\practica0\practica0\holaopengl.cpp(55): warning C4244: 'argumento': conversión de 'double' a 'GLfloat'; posible pérdida de datos
c:\users\jalr_\desktop\cosas de juan\sgi\practica camara\practica0\practica0\holaopengl.cpp(75): warning C4244: 'argumento': conversión de 'double' a 'GLfloat'; posible pérdida de datos
c:\users\jalr_\desktop\cosas de juan\sgi\practica camara\practica0\practica0\holaopengl.cpp(76): warning C4244: 'argumento': conversión de 'double' a 'GLfloat'; posible pérdida de datos
c:\users\jalr_\desktop\cosas de juan\sgi\practica camara\practica0\practica0\holaopengl.cpp(95): warning C4244: 'inicializando': conversión de 'double' a 'float'; posible pérdida de datos
c:\users\jalr_\desktop\cosas de juan\sgi\practica camara\practica0\practica0\holaopengl.cpp(96): warning C4244: 'inicializando': conversión de 'double' a 'float'; posible pérdida de datos
c:\users\jalr_\desktop\cosas de juan\sgi\practica camara\practica0\practica0\holaopengl.cpp(101): warning C4326: el tipo de valor devuelto de 'main' debe ser 'int' en lugar de 'void'
  Generando código
  1 of 9 functions (11.1%) were compiled, the rest were copied from previous compilation.
    0 functions were new in current compilation
    1 functions had inline decision re-evaluated but remain unchanged
  Generación de código finalizada
  Practica0.vcxproj -> C:\Users\jalr_\Desktop\Cosas de Juan\SGI\Practica Camara\Practica0\Practica0\\Practica0.exe
